\BOOKMARK [0][-]{chapter*.3}{Introduction}{}% 1
\BOOKMARK [0][-]{chapter.1}{Introduction}{}% 2
\BOOKMARK [1][-]{section.1.1}{Motivation}{chapter.1}% 3
\BOOKMARK [1][-]{section.1.2}{Problem description}{chapter.1}% 4
\BOOKMARK [1][-]{section.1.3}{Contributions}{chapter.1}% 5
\BOOKMARK [1][-]{section.1.4}{Overviews}{chapter.1}% 6
\BOOKMARK [0][-]{chapter.2}{Preliminaries and state of the art}{}% 7
\BOOKMARK [1][-]{section.2.1}{Computer Vision}{chapter.2}% 8
\BOOKMARK [2][-]{subsection.2.1.1}{Projective geometry}{section.2.1}% 9
\BOOKMARK [2][-]{subsection.2.1.2}{Model geometry}{section.2.1}% 10
\BOOKMARK [2][-]{subsection.2.1.3}{Camera calibration}{section.2.1}% 11
\BOOKMARK [2][-]{subsection.2.1.4}{Formation of the image in projective geometry}{section.2.1}% 12
\BOOKMARK [1][-]{section.2.2}{UAVs: Mini-helicopter of four rotors}{chapter.2}% 13
\BOOKMARK [2][-]{subsection.2.2.1}{Vertical Take Off and Landing \(VTOL\) vehicles}{section.2.2}% 14
\BOOKMARK [2][-]{subsection.2.2.2}{Rotorcraft}{section.2.2}% 15
\BOOKMARK [2][-]{subsection.2.2.3}{Powered lift}{section.2.2}% 16
\BOOKMARK [1][-]{section.2.3}{Multi-rotors: state of the art}{chapter.2}% 17
\BOOKMARK [2][-]{subsection.2.3.1}{Characteristics and operation of the mini-UAV}{section.2.3}% 18
\BOOKMARK [1][-]{section.2.4}{Position representation}{chapter.2}% 19
\BOOKMARK [1][-]{section.2.5}{Rigid body attitude representation}{chapter.2}% 20
\BOOKMARK [1][-]{section.2.6}{Conclusions}{chapter.2}% 21
\BOOKMARK [0][-]{chapter.3}{Pose estimation using a single camera}{}% 22
\BOOKMARK [1][-]{section.3.1}{Pose estimation algorithm}{chapter.3}% 23
\BOOKMARK [2][-]{subsection.3.1.1}{Vanishing point algorithm}{section.3.1}% 24
\BOOKMARK [2][-]{subsection.3.1.2}{Dominant lines detection}{section.3.1}% 25
\BOOKMARK [2][-]{subsection.3.1.3}{Lines classification}{section.3.1}% 26
\BOOKMARK [2][-]{subsection.3.1.4}{Rotation matrix estimation}{section.3.1}% 27
\BOOKMARK [2][-]{subsection.3.1.5}{Principal lines estimation}{section.3.1}% 28
\BOOKMARK [2][-]{subsection.3.1.6}{Pose camera estimation}{section.3.1}% 29
\BOOKMARK [1][-]{section.3.2}{Numerical validation}{chapter.3}% 30
\BOOKMARK [1][-]{section.3.3}{Conclusions}{chapter.3}% 31
\BOOKMARK [0][-]{chapter.4}{Position control law and velocity estimation of an UAV}{}% 32
\BOOKMARK [1][-]{section.4.1}{Position control law}{chapter.4}% 33
\BOOKMARK [1][-]{section.4.2}{Velocity estimation}{chapter.4}% 34
\BOOKMARK [2][-]{subsection.4.2.1}{Observer}{section.4.2}% 35
\BOOKMARK [2][-]{subsection.4.2.2}{Kalman filter}{section.4.2}% 36
\BOOKMARK [1][-]{section.4.3}{Conclusions}{chapter.4}% 37
\BOOKMARK [0][-]{chapter.5}{Platform and experimental validation}{}% 38
\BOOKMARK [1][-]{section.5.1}{Moca Room and ground station}{chapter.5}% 39
\BOOKMARK [2][-]{subsection.5.1.1}{Moca Room}{section.5.1}% 40
\BOOKMARK [2][-]{subsection.5.1.2}{Ground station}{section.5.1}% 41
\BOOKMARK [1][-]{section.5.2}{Experimental plattforms}{chapter.5}% 42
\BOOKMARK [1][-]{section.5.3}{Experimental results}{chapter.5}% 43
\BOOKMARK [1][-]{section.5.4}{Conclusions}{chapter.5}% 44
\BOOKMARK [0][-]{chapter.6}{Conclusions and Future work}{}% 45
\BOOKMARK [1][-]{section.6.1}{Conclusions}{chapter.6}% 46
\BOOKMARK [1][-]{section.6.2}{Future Work}{chapter.6}% 47
\BOOKMARK [0][-]{appendix.A}{Vanishng point}{}% 48
\BOOKMARK [0][-]{appendix.B}{RANSAC}{}% 49
\BOOKMARK [0][-]{appendix.C}{Linear least squares regression}{}% 50
\BOOKMARK [0][-]{appendix.C}{Bibliography}{}% 51
